<?xml version="1.0" encoding="UTF-8"?>
<!-- Generated by org.testng.reporters.JUnitReportReporter -->
<testsuite hostname="DESKTOP-GSTO74J" failures="0" tests="1" name="org.testingmvn.facebooklogin" time="1.421" errors="0" timestamp="01 Jan 2022 07:32:18 GMT" skipped="0">
  <testcase classname="org.testingmvn.facebooklogin" name="test1" time="1.421"/>
</testsuite> <!-- org.testingmvn.facebooklogin -->
