<?xml version="1.0" encoding="UTF-8"?>
<!-- Generated by org.testng.reporters.JUnitReportReporter -->
<testsuite hostname="DESKTOP-GSTO74J" failures="0" tests="1" name="org.pojofb.PomFb" time="0.286" errors="0" timestamp="27 Dec 2021 05:39:16 GMT" skipped="0">
  <testcase classname="org.pojofb.PomFb" name="findelement" time="0.286"/>
</testsuite> <!-- org.pojofb.PomFb -->
