<?xml version="1.0" encoding="UTF-8"?>
<!-- Generated by org.testng.reporters.JUnitReportReporter -->
<testsuite hostname="DESKTOP-GSTO74J" failures="0" tests="1" name="org.trainingtest.trainingtest" time="5.564" errors="0" timestamp="18 Jan 2022 06:36:48 GMT" skipped="0">
  <testcase classname="org.trainingtest.trainingtest" name="testingstarted" time="5.564"/>
</testsuite> <!-- org.trainingtest.trainingtest -->
