<?xml version="1.0" encoding="UTF-8"?>
<!-- Generated by org.testng.reporters.JUnitReportReporter -->
<testsuite hostname="DESKTOP-GSTO74J" failures="0" tests="2" name="org.testingmvn.AdactinParallel" time="6.216" errors="0" timestamp="30 Dec 2021 13:17:58 GMT" skipped="0">
  <testcase classname="org.testingmvn.AdactinParallel" name="test1" time="1.678"/>
  <testcase classname="org.testingmvn.AdactinParallel" name="test2" time="4.538"/>
</testsuite> <!-- org.testingmvn.AdactinParallel -->
