<?xml version="1.0" encoding="UTF-8"?>
<!-- Generated by org.testng.reporters.JUnitReportReporter -->
<testsuite hostname="DESKTOP-GSTO74J" failures="0" tests="1" name="org.testingmvn.ParallelTask" time="13.620" errors="0" timestamp="30 Dec 2021 07:20:51 GMT" skipped="0">
  <testcase classname="org.testingmvn.ParallelTask" name="testingstarted" time="13.620"/>
</testsuite> <!-- org.testingmvn.ParallelTask -->
